<?xml version="1.0" encoding="UTF-8"?>
<robot generator="Robot 6.1.1 (Python 3.10.12 on linux)" generated="20231120 13:19:00.751" rpa="false" schemaversion="4">
<suite id="s1" name="Tests" source="/home/huuskonh/Documents/Ohtu/palautusrepositorio/viikko3/login-robot/src/tests">
<suite id="s1-s1" name="Login" source="/home/huuskonh/Documents/Ohtu/palautusrepositorio/viikko3/login-robot/src/tests/login.robot">
<test id="s1-s1-t1" name="Login With Correct Credentials" line="6">
<kw name="Create User And Input Login Command" type="SETUP">
<kw name="Create User" library="AppLibrary">
<arg>kalle</arg>
<arg>kalle123</arg>
<status status="PASS" starttime="20231120 13:19:00.766" endtime="20231120 13:19:00.766"/>
</kw>
<kw name="Input Login Command" library="resource">
<kw name="Input" library="AppLibrary">
<arg>login</arg>
<status status="PASS" starttime="20231120 13:19:00.766" endtime="20231120 13:19:00.766"/>
</kw>
<status status="PASS" starttime="20231120 13:19:00.766" endtime="20231120 13:19:00.766"/>
</kw>
<status status="PASS" starttime="20231120 13:19:00.766" endtime="20231120 13:19:00.766"/>
</kw>
<kw name="Input Credentials" library="resource">
<arg>kalle</arg>
<arg>kalle123</arg>
<kw name="Input" library="AppLibrary">
<arg>${username}</arg>
<status status="PASS" starttime="20231120 13:19:00.767" endtime="20231120 13:19:00.767"/>
</kw>
<kw name="Input" library="AppLibrary">
<arg>${password}</arg>
<status status="PASS" starttime="20231120 13:19:00.767" endtime="20231120 13:19:00.767"/>
</kw>
<kw name="Run Application" library="AppLibrary">
<status status="PASS" starttime="20231120 13:19:00.767" endtime="20231120 13:19:00.767"/>
</kw>
<status status="PASS" starttime="20231120 13:19:00.766" endtime="20231120 13:19:00.767"/>
</kw>
<kw name="Output Should Contain" library="AppLibrary">
<arg>Logged in</arg>
<status status="PASS" starttime="20231120 13:19:00.767" endtime="20231120 13:19:00.767"/>
</kw>
<status status="PASS" starttime="20231120 13:19:00.765" endtime="20231120 13:19:00.767"/>
</test>
<test id="s1-s1-t2" name="Login With Incorrect Password" line="10">
<kw name="Create User And Input Login Command" type="SETUP">
<kw name="Create User" library="AppLibrary">
<arg>kalle</arg>
<arg>kalle123</arg>
<status status="PASS" starttime="20231120 13:19:00.768" endtime="20231120 13:19:00.768"/>
</kw>
<kw name="Input Login Command" library="resource">
<kw name="Input" library="AppLibrary">
<arg>login</arg>
<status status="PASS" starttime="20231120 13:19:00.768" endtime="20231120 13:19:00.768"/>
</kw>
<status status="PASS" starttime="20231120 13:19:00.768" endtime="20231120 13:19:00.768"/>
</kw>
<status status="PASS" starttime="20231120 13:19:00.768" endtime="20231120 13:19:00.768"/>
</kw>
<kw name="Input Credentials" library="resource">
<arg>kalle</arg>
<arg>vaarasalasana</arg>
<kw name="Input" library="AppLibrary">
<arg>${username}</arg>
<status status="PASS" starttime="20231120 13:19:00.768" endtime="20231120 13:19:00.768"/>
</kw>
<kw name="Input" library="AppLibrary">
<arg>${password}</arg>
<status status="PASS" starttime="20231120 13:19:00.768" endtime="20231120 13:19:00.769"/>
</kw>
<kw name="Run Application" library="AppLibrary">
<status status="PASS" starttime="20231120 13:19:00.769" endtime="20231120 13:19:00.769"/>
</kw>
<status status="PASS" starttime="20231120 13:19:00.768" endtime="20231120 13:19:00.769"/>
</kw>
<kw name="Output Should Contain" library="AppLibrary">
<arg>Invalid username or password</arg>
<status status="PASS" starttime="20231120 13:19:00.769" endtime="20231120 13:19:00.769"/>
</kw>
<status status="PASS" starttime="20231120 13:19:00.767" endtime="20231120 13:19:00.769"/>
</test>
<test id="s1-s1-t3" name="Login With Nonexistent Username" line="14">
<kw name="Create User And Input Login Command" type="SETUP">
<kw name="Create User" library="AppLibrary">
<arg>kalle</arg>
<arg>kalle123</arg>
<status status="PASS" starttime="20231120 13:19:00.769" endtime="20231120 13:19:00.769"/>
</kw>
<kw name="Input Login Command" library="resource">
<kw name="Input" library="AppLibrary">
<arg>login</arg>
<status status="PASS" starttime="20231120 13:19:00.769" endtime="20231120 13:19:00.770"/>
</kw>
<status status="PASS" starttime="20231120 13:19:00.769" endtime="20231120 13:19:00.770"/>
</kw>
<status status="PASS" starttime="20231120 13:19:00.769" endtime="20231120 13:19:00.770"/>
</kw>
<kw name="Input Credentials" library="resource">
<arg>vaaratunnus</arg>
<arg>kalle123</arg>
<kw name="Input" library="AppLibrary">
<arg>${username}</arg>
<status status="PASS" starttime="20231120 13:19:00.770" endtime="20231120 13:19:00.770"/>
</kw>
<kw name="Input" library="AppLibrary">
<arg>${password}</arg>
<status status="PASS" starttime="20231120 13:19:00.770" endtime="20231120 13:19:00.770"/>
</kw>
<kw name="Run Application" library="AppLibrary">
<status status="PASS" starttime="20231120 13:19:00.770" endtime="20231120 13:19:00.770"/>
</kw>
<status status="PASS" starttime="20231120 13:19:00.770" endtime="20231120 13:19:00.770"/>
</kw>
<kw name="Output Should Contain" library="AppLibrary">
<arg>Invalid username or password</arg>
<status status="PASS" starttime="20231120 13:19:00.770" endtime="20231120 13:19:00.770"/>
</kw>
<status status="PASS" starttime="20231120 13:19:00.769" endtime="20231120 13:19:00.770"/>
</test>
<status status="PASS" starttime="20231120 13:19:00.762" endtime="20231120 13:19:00.771"/>
</suite>
<status status="PASS" starttime="20231120 13:19:00.752" endtime="20231120 13:19:00.771"/>
</suite>
<statistics>
<total>
<stat pass="3" fail="0" skip="0">All Tests</stat>
</total>
<tag>
</tag>
<suite>
<stat pass="3" fail="0" skip="0" id="s1" name="Tests">Tests</stat>
<stat pass="3" fail="0" skip="0" id="s1-s1" name="Login">Tests.Login</stat>
</suite>
</statistics>
<errors>
</errors>
</robot>
